Arguments: 
  C:\Program Files\nodejs\node.exe C:\Users\Khang.Dong\AppData\Roaming\npm\node_modules\yarn\bin\yarn.js init

PATH: 
  C:\Users\Khang.Dong\bin;C:\Program Files\Git\mingw64\bin;C:\Program Files\Git\usr\local\bin;C:\Program Files\Git\usr\bin;C:\Program Files\Git\usr\bin;C:\Program Files\Git\mingw64\bin;C:\Program Files\Git\usr\bin;C:\Users\Khang.Dong\bin;C:\ProgramData\Oracle\Java\javapath;C:\orcl\11.2.0\client_1;C:\orcl\11.2.0\client_1\bin;C:\WINDOWS\system32;C:\WINDOWS;C:\WINDOWS\System32\Wbem;C:\WINDOWS\System32\WindowsPowerShell\v1.0;C:\Program Files\Git\cmd;C:\Program Files\nodejs;D:\Soft\apache-tomcat-8.5.11\bin;C:\Program Files\TortoiseSVN\bin;C:\Program Files\PuTTY;C:\Program Files (x86)\Skype\Phone;C:\Program Files (x86)\Serena\Dimensions 12.2\CM\prog64;C:\Users\Khang.Dong\AppData\Roaming\npm;C:\Program Files (x86)\Microsoft VS Code\bin;C:\Program Files\Git\usr\bin\vendor_perl;C:\Program Files\Git\usr\bin\core_perl

Yarn version: 
  0.24.5

Node version: 
  7.5.0

Platform: 
  win32 x64

npm manifest: 
  No manifest

yarn manifest: 
  No manifest

Lockfile: 
  No lockfile

Trace: 
  Error: Can't answer a question unless a user TTY
      at ConsoleReporter.question (C:\Users\Khang.Dong\AppData\Roaming\npm\node_modules\yarn\lib\reporters\console\console-reporter.js:216:29)
      at Object.<anonymous> (C:\Users\Khang.Dong\AppData\Roaming\npm\node_modules\yarn\lib\cli\commands\init.js:115:38)
      at Generator.next (<anonymous>)
      at step (C:\Users\Khang.Dong\AppData\Roaming\npm\node_modules\yarn\node_modules\babel-runtime\helpers\asyncToGenerator.js:17:30)
      at C:\Users\Khang.Dong\AppData\Roaming\npm\node_modules\yarn\node_modules\babel-runtime\helpers\asyncToGenerator.js:28:13
